0 info it worked if it ends with ok
1 verbose cli [
1 verbose cli   '/usr/local/Cellar/node/12.4.0/bin/node',
1 verbose cli   '/usr/local/bin/npm',
1 verbose cli   'install',
1 verbose cli   'node'
1 verbose cli ]
2 info using npm@3.10.10
3 info using node@v12.4.0
4 verbose config Skipping project config: /Users/amanda.ward/.npmrc. (matches userconfig)
5 silly loadCurrentTree Starting
6 silly install loadCurrentTree
7 silly install readLocalPackageData
8 silly fetchPackageMetaData node
9 silly fetchNamedPackageData node
10 silly mapToRegistry name node
11 silly mapToRegistry using default registry
12 silly mapToRegistry registry https://registry.npmjs.org/
13 silly mapToRegistry data Result {
13 silly mapToRegistry   raw: 'node',
13 silly mapToRegistry   scope: null,
13 silly mapToRegistry   escapedName: 'node',
13 silly mapToRegistry   name: 'node',
13 silly mapToRegistry   rawSpec: '',
13 silly mapToRegistry   spec: 'latest',
13 silly mapToRegistry   type: 'tag'
13 silly mapToRegistry }
14 silly mapToRegistry uri https://registry.npmjs.org/node
15 verbose request uri https://registry.npmjs.org/node
16 verbose request no auth needed
17 info attempt registry request try #1 at 12:57:48 PM
18 verbose request id 644ce038babb5e84
19 http request GET https://registry.npmjs.org/node
20 http 200 https://registry.npmjs.org/node
21 verbose headers {
21 verbose headers   date: 'Sat, 08 Jun 2019 17:57:48 GMT',
21 verbose headers   'content-type': 'application/json',
21 verbose headers   'transfer-encoding': 'chunked',
21 verbose headers   connection: 'keep-alive',
21 verbose headers   'set-cookie': [
21 verbose headers     '__cfduid=df40da389081aaa1ef8e84f2cc386c9871560016668; ' +
21 verbose headers       'expires=Sun, 07-Jun-20 17:57:48 GMT; path=/; domain=.npmjs.org; ' +
21 verbose headers       'HttpOnly'
21 verbose headers   ],
21 verbose headers   'cf-cache-status': 'HIT',
21 verbose headers   'cache-control': 'max-age=300',
21 verbose headers   'cf-ray': '4e3cc01379eed29e-DFW',
21 verbose headers   etag: 'W/"1857437d9cae6777396e3eb5ae7c16f4"',
21 verbose headers   'expect-ct': 'max-age=604800, ' +
21 verbose headers     'report-uri="https://report-uri.cloudflare.com/cdn-cgi/beacon/expect-ct"',
21 verbose headers   'last-modified': 'Wed, 05 Jun 2019 01:28:34 GMT',
21 verbose headers   vary: 'accept-encoding, accept',
21 verbose headers   'x-amz-meta-rev': '481-ece7cb2e26664a0abcdd5c6c02b2251c',
21 verbose headers   server: 'cloudflare',
21 verbose headers   'content-encoding': 'gzip'
21 verbose headers }
22 silly get cb [
22 silly get   200,
22 silly get   {
22 silly get     date: 'Sat, 08 Jun 2019 17:57:48 GMT',
22 silly get     'content-type': 'application/json',
22 silly get     'transfer-encoding': 'chunked',
22 silly get     connection: 'keep-alive',
22 silly get     'set-cookie': [
22 silly get       '__cfduid=df40da389081aaa1ef8e84f2cc386c9871560016668; ' +
22 silly get         'expires=Sun, 07-Jun-20 17:57:48 GMT; path=/; domain=.npmjs.org; ' +
22 silly get         'HttpOnly'
22 silly get     ],
22 silly get     'cf-cache-status': 'HIT',
22 silly get     'cache-control': 'max-age=300',
22 silly get     'cf-ray': '4e3cc01379eed29e-DFW',
22 silly get     etag: 'W/"1857437d9cae6777396e3eb5ae7c16f4"',
22 silly get     'expect-ct': 'max-age=604800, ' +
22 silly get       'report-uri="https://report-uri.cloudflare.com/cdn-cgi/beacon/expect-ct"',
22 silly get     'last-modified': 'Wed, 05 Jun 2019 01:28:34 GMT',
22 silly get     vary: 'accept-encoding, accept',
22 silly get     'x-amz-meta-rev': '481-ece7cb2e26664a0abcdd5c6c02b2251c',
22 silly get     server: 'cloudflare',
22 silly get     'content-encoding': 'gzip'
22 silly get   }
22 silly get ]
23 verbose get saving node to /Users/amanda.ward/.npm/registry.npmjs.org/node/.cache.json
24 verbose correctMkdir /Users/amanda.ward/.npm correctMkdir not in flight; initializing
25 silly install normalizeTree
26 silly loadCurrentTree Finishing
27 silly loadIdealTree Starting
28 silly install loadIdealTree
29 silly cloneCurrentTree Starting
30 silly install cloneCurrentTreeToIdealTree
31 silly cloneCurrentTree Finishing
32 silly loadShrinkwrap Starting
33 silly install loadShrinkwrap
34 silly loadShrinkwrap Finishing
35 silly loadAllDepsIntoIdealTree Starting
36 silly install loadAllDepsIntoIdealTree
37 silly resolveWithNewModule node@12.4.0 checking installable status
38 silly cache add args [ 'node', null ]
39 verbose cache add spec node
40 silly cache add parsed spec Result {
40 silly cache add   raw: 'node',
40 silly cache add   scope: null,
40 silly cache add   escapedName: 'node',
40 silly cache add   name: 'node',
40 silly cache add   rawSpec: '',
40 silly cache add   spec: 'latest',
40 silly cache add   type: 'tag'
40 silly cache add }
41 silly addNamed node@latest
42 verbose addNamed "latest" is being treated as a dist-tag for node
43 info addNameTag [ 'node', 'latest' ]
44 silly mapToRegistry name node
45 silly mapToRegistry using default registry
46 silly mapToRegistry registry https://registry.npmjs.org/
47 silly mapToRegistry data Result {
47 silly mapToRegistry   raw: 'node',
47 silly mapToRegistry   scope: null,
47 silly mapToRegistry   escapedName: 'node',
47 silly mapToRegistry   name: 'node',
47 silly mapToRegistry   rawSpec: '',
47 silly mapToRegistry   spec: 'latest',
47 silly mapToRegistry   type: 'tag'
47 silly mapToRegistry }
48 silly mapToRegistry uri https://registry.npmjs.org/node
49 verbose addNameTag registry:https://registry.npmjs.org/node not in flight; fetching
50 verbose get https://registry.npmjs.org/node not expired, no request
51 silly addNameTag next cb for node with tag latest
52 silly addNamed node@12.4.0
53 verbose addNamed "12.4.0" is a plain semver version for node
54 silly mapToRegistry name node
55 silly mapToRegistry using default registry
56 silly mapToRegistry registry https://registry.npmjs.org/
57 silly mapToRegistry data Result {
57 silly mapToRegistry   raw: 'node',
57 silly mapToRegistry   scope: null,
57 silly mapToRegistry   escapedName: 'node',
57 silly mapToRegistry   name: 'node',
57 silly mapToRegistry   rawSpec: '',
57 silly mapToRegistry   spec: 'latest',
57 silly mapToRegistry   type: 'tag'
57 silly mapToRegistry }
58 silly mapToRegistry uri https://registry.npmjs.org/node
59 verbose addRemoteTarball https://registry.npmjs.org/node/-/node-12.4.0.tgz not in flight; adding
60 verbose addRemoteTarball [
60 verbose addRemoteTarball   'https://registry.npmjs.org/node/-/node-12.4.0.tgz',
60 verbose addRemoteTarball   '5501bf6d5dcbf41f84a9dbf80925ae6e7c2c91ae'
60 verbose addRemoteTarball ]
61 info retry fetch attempt 1 at 12:57:48 PM
62 info attempt registry request try #1 at 12:57:48 PM
63 http fetch GET https://registry.npmjs.org/node/-/node-12.4.0.tgz
64 http fetch 200 https://registry.npmjs.org/node/-/node-12.4.0.tgz
65 silly fetchAndShaCheck shasum 5501bf6d5dcbf41f84a9dbf80925ae6e7c2c91ae
66 verbose addTmpTarball /var/folders/z8/4zl_jltn6hz9mtrq6vnl8g3h0000gn/T/npm-51443-cea80818/registry.npmjs.org/node/-/node-12.4.0.tgz not in flight; adding
67 verbose addTmpTarball already have metadata; skipping unpack for node@12.4.0
68 verbose correctMkdir /Users/amanda.ward/.npm correctMkdir not in flight; initializing
69 silly cache afterAdd node@12.4.0
70 verbose afterAdd /Users/amanda.ward/.npm/node/12.4.0/package/package.json not in flight; writing
71 verbose correctMkdir /Users/amanda.ward/.npm correctMkdir not in flight; initializing
72 verbose afterAdd /Users/amanda.ward/.npm/node/12.4.0/package/package.json written
73 silly fetchNamedPackageData node-bin-setup
74 silly mapToRegistry name node-bin-setup
75 silly mapToRegistry using default registry
76 silly mapToRegistry registry https://registry.npmjs.org/
77 silly mapToRegistry data Result {
77 silly mapToRegistry   raw: 'node-bin-setup',
77 silly mapToRegistry   scope: null,
77 silly mapToRegistry   escapedName: 'node-bin-setup',
77 silly mapToRegistry   name: 'node-bin-setup',
77 silly mapToRegistry   rawSpec: '',
77 silly mapToRegistry   spec: 'latest',
77 silly mapToRegistry   type: 'tag'
77 silly mapToRegistry }
78 silly mapToRegistry uri https://registry.npmjs.org/node-bin-setup
79 verbose request uri https://registry.npmjs.org/node-bin-setup
80 verbose request no auth needed
81 info attempt registry request try #1 at 12:57:48 PM
82 http request GET https://registry.npmjs.org/node-bin-setup
83 http 200 https://registry.npmjs.org/node-bin-setup
84 verbose headers {
84 verbose headers   date: 'Sat, 08 Jun 2019 17:57:48 GMT',
84 verbose headers   'content-type': 'application/json; charset=UTF-8',
84 verbose headers   'transfer-encoding': 'chunked',
84 verbose headers   connection: 'keep-alive',
84 verbose headers   'set-cookie': [
84 verbose headers     '__cfduid=df40da389081aaa1ef8e84f2cc386c9871560016668; ' +
84 verbose headers       'expires=Sun, 07-Jun-20 17:57:48 GMT; path=/; domain=.npmjs.org; ' +
84 verbose headers       'HttpOnly'
84 verbose headers   ],
84 verbose headers   'cf-cache-status': 'HIT',
84 verbose headers   'cache-control': 'max-age=300',
84 verbose headers   'cf-ray': '4e3cc0151f5fd29e-DFW',
84 verbose headers   etag: 'W/"696d6ec470fda56a33885508a280edab"',
84 verbose headers   'expect-ct': 'max-age=604800, ' +
84 verbose headers     'report-uri="https://report-uri.cloudflare.com/cdn-cgi/beacon/expect-ct"',
84 verbose headers   'last-modified': 'Sun, 27 May 2018 09:55:03 GMT',
84 verbose headers   vary: 'accept-encoding, accept',
84 verbose headers   server: 'cloudflare',
84 verbose headers   'content-encoding': 'gzip'
84 verbose headers }
85 silly get cb [
85 silly get   200,
85 silly get   {
85 silly get     date: 'Sat, 08 Jun 2019 17:57:48 GMT',
85 silly get     'content-type': 'application/json; charset=UTF-8',
85 silly get     'transfer-encoding': 'chunked',
85 silly get     connection: 'keep-alive',
85 silly get     'set-cookie': [
85 silly get       '__cfduid=df40da389081aaa1ef8e84f2cc386c9871560016668; ' +
85 silly get         'expires=Sun, 07-Jun-20 17:57:48 GMT; path=/; domain=.npmjs.org; ' +
85 silly get         'HttpOnly'
85 silly get     ],
85 silly get     'cf-cache-status': 'HIT',
85 silly get     'cache-control': 'max-age=300',
85 silly get     'cf-ray': '4e3cc0151f5fd29e-DFW',
85 silly get     etag: 'W/"696d6ec470fda56a33885508a280edab"',
85 silly get     'expect-ct': 'max-age=604800, ' +
85 silly get       'report-uri="https://report-uri.cloudflare.com/cdn-cgi/beacon/expect-ct"',
85 silly get     'last-modified': 'Sun, 27 May 2018 09:55:03 GMT',
85 silly get     vary: 'accept-encoding, accept',
85 silly get     server: 'cloudflare',
85 silly get     'content-encoding': 'gzip'
85 silly get   }
85 silly get ]
86 verbose get saving node-bin-setup to /Users/amanda.ward/.npm/registry.npmjs.org/node-bin-setup/.cache.json
87 verbose correctMkdir /Users/amanda.ward/.npm correctMkdir not in flight; initializing
88 silly resolveWithNewModule node-bin-setup@1.0.6 checking installable status
89 silly cache add args [ 'node-bin-setup@^1.0.0', null ]
90 verbose cache add spec node-bin-setup@^1.0.0
91 silly cache add parsed spec Result {
91 silly cache add   raw: 'node-bin-setup@^1.0.0',
91 silly cache add   scope: null,
91 silly cache add   escapedName: 'node-bin-setup',
91 silly cache add   name: 'node-bin-setup',
91 silly cache add   rawSpec: '^1.0.0',
91 silly cache add   spec: '>=1.0.0 <2.0.0',
91 silly cache add   type: 'range'
91 silly cache add }
92 silly addNamed node-bin-setup@>=1.0.0 <2.0.0
93 verbose addNamed ">=1.0.0 <2.0.0" is a valid semver range for node-bin-setup
94 silly addNameRange { name: 'node-bin-setup', range: '>=1.0.0 <2.0.0', hasData: false }
95 silly mapToRegistry name node-bin-setup
96 silly mapToRegistry using default registry
97 silly mapToRegistry registry https://registry.npmjs.org/
98 silly mapToRegistry data Result {
98 silly mapToRegistry   raw: 'node-bin-setup',
98 silly mapToRegistry   scope: null,
98 silly mapToRegistry   escapedName: 'node-bin-setup',
98 silly mapToRegistry   name: 'node-bin-setup',
98 silly mapToRegistry   rawSpec: '',
98 silly mapToRegistry   spec: 'latest',
98 silly mapToRegistry   type: 'tag'
98 silly mapToRegistry }
99 silly mapToRegistry uri https://registry.npmjs.org/node-bin-setup
100 verbose addNameRange registry:https://registry.npmjs.org/node-bin-setup not in flight; fetching
101 verbose get https://registry.npmjs.org/node-bin-setup not expired, no request
102 silly addNameRange number 2 { name: 'node-bin-setup', range: '>=1.0.0 <2.0.0', hasData: true }
103 silly addNameRange versions [
103 silly addNameRange   'node-bin-setup',
103 silly addNameRange   [ '1.0.0', '1.0.1', '1.0.2', '1.0.3', '1.0.4', '1.0.6' ]
103 silly addNameRange ]
104 silly addNamed node-bin-setup@1.0.6
105 verbose addNamed "1.0.6" is a plain semver version for node-bin-setup
106 silly mapToRegistry name node-bin-setup
107 silly mapToRegistry using default registry
108 silly mapToRegistry registry https://registry.npmjs.org/
109 silly mapToRegistry data Result {
109 silly mapToRegistry   raw: 'node-bin-setup',
109 silly mapToRegistry   scope: null,
109 silly mapToRegistry   escapedName: 'node-bin-setup',
109 silly mapToRegistry   name: 'node-bin-setup',
109 silly mapToRegistry   rawSpec: '',
109 silly mapToRegistry   spec: 'latest',
109 silly mapToRegistry   type: 'tag'
109 silly mapToRegistry }
110 silly mapToRegistry uri https://registry.npmjs.org/node-bin-setup
111 verbose addRemoteTarball https://registry.npmjs.org/node-bin-setup/-/node-bin-setup-1.0.6.tgz not in flight; adding
112 verbose addRemoteTarball [
112 verbose addRemoteTarball   'https://registry.npmjs.org/node-bin-setup/-/node-bin-setup-1.0.6.tgz',
112 verbose addRemoteTarball   '4b5c9bb937ece702d7069b36ca78af4684677528'
112 verbose addRemoteTarball ]
113 info retry fetch attempt 1 at 12:57:49 PM
114 info attempt registry request try #1 at 12:57:49 PM
115 http fetch GET https://registry.npmjs.org/node-bin-setup/-/node-bin-setup-1.0.6.tgz
116 http fetch 200 https://registry.npmjs.org/node-bin-setup/-/node-bin-setup-1.0.6.tgz
117 silly fetchAndShaCheck shasum 4b5c9bb937ece702d7069b36ca78af4684677528
118 verbose addTmpTarball /var/folders/z8/4zl_jltn6hz9mtrq6vnl8g3h0000gn/T/npm-51443-cea80818/registry.npmjs.org/node-bin-setup/-/node-bin-setup-1.0.6.tgz not in flight; adding
119 verbose addTmpTarball already have metadata; skipping unpack for node-bin-setup@1.0.6
120 verbose correctMkdir /Users/amanda.ward/.npm correctMkdir not in flight; initializing
121 silly cache afterAdd node-bin-setup@1.0.6
122 verbose afterAdd /Users/amanda.ward/.npm/node-bin-setup/1.0.6/package/package.json not in flight; writing
123 verbose correctMkdir /Users/amanda.ward/.npm correctMkdir not in flight; initializing
124 verbose afterAdd /Users/amanda.ward/.npm/node-bin-setup/1.0.6/package/package.json written
125 silly loadAllDepsIntoIdealTree Finishing
126 silly loadIdealTree Finishing
127 silly currentTree amanda.ward@1.0.0
127 silly currentTree ├── @babel/code-frame@7.0.0
127 silly currentTree ├── @babel/highlight@7.0.0
127 silly currentTree ├── acorn-jsx@5.0.1
127 silly currentTree ├── acorn@6.1.1
127 silly currentTree ├── ajv@6.10.0
127 silly currentTree ├── ansi-escapes@3.2.0
127 silly currentTree ├── ansi-regex@3.0.0
127 silly currentTree ├── ansi-styles@3.2.1
127 silly currentTree ├── argparse@1.0.10
127 silly currentTree ├── astral-regex@1.0.0
127 silly currentTree ├── balanced-match@1.0.0
127 silly currentTree ├── brace-expansion@1.1.11
127 silly currentTree ├── callsites@3.1.0
127 silly currentTree ├── chalk@2.4.2
127 silly currentTree ├── chardet@0.7.0
127 silly currentTree ├── cli-cursor@2.1.0
127 silly currentTree ├── cli-width@2.2.0
127 silly currentTree ├── color-convert@1.9.3
127 silly currentTree ├── color-name@1.1.3
127 silly currentTree ├── concat-map@0.0.1
127 silly currentTree ├── cross-spawn@6.0.5
127 silly currentTree ├── debug@4.1.1
127 silly currentTree ├── deep-is@0.1.3
127 silly currentTree ├── doctrine@3.0.0
127 silly currentTree ├── emoji-regex@7.0.3
127 silly currentTree ├── escape-string-regexp@1.0.5
127 silly currentTree ├── eslint-scope@4.0.3
127 silly currentTree ├── eslint-utils@1.3.1
127 silly currentTree ├── eslint-visitor-keys@1.0.0
127 silly currentTree ├── eslint@5.16.0
127 silly currentTree ├── espree@5.0.1
127 silly currentTree ├── esprima@4.0.1
127 silly currentTree ├── esquery@1.0.1
127 silly currentTree ├── esrecurse@4.2.1
127 silly currentTree ├── estraverse@4.2.0
127 silly currentTree ├── esutils@2.0.2
127 silly currentTree ├── external-editor@3.0.3
127 silly currentTree ├── fast-deep-equal@2.0.1
127 silly currentTree ├── fast-json-stable-stringify@2.0.0
127 silly currentTree ├── fast-levenshtein@2.0.6
127 silly currentTree ├── figures@2.0.0
127 silly currentTree ├── file-entry-cache@5.0.1
127 silly currentTree ├── flat-cache@2.0.1
127 silly currentTree ├── flatted@2.0.0
127 silly currentTree ├── fs.realpath@1.0.0
127 silly currentTree ├── functional-red-black-tree@1.0.1
127 silly currentTree ├── glob@7.1.4
127 silly currentTree ├── globals@11.12.0
127 silly currentTree ├── has-flag@3.0.0
127 silly currentTree ├── iconv-lite@0.4.24
127 silly currentTree ├── ignore@4.0.6
127 silly currentTree ├── import-fresh@3.0.0
127 silly currentTree ├── imurmurhash@0.1.4
127 silly currentTree ├── inflight@1.0.6
127 silly currentTree ├── inherits@2.0.3
127 silly currentTree ├─┬ inquirer@6.3.1
127 silly currentTree │ ├── ansi-regex@4.1.0
127 silly currentTree │ └── strip-ansi@5.2.0
127 silly currentTree ├── is-fullwidth-code-point@2.0.0
127 silly currentTree ├── is-promise@2.1.0
127 silly currentTree ├── isexe@2.0.0
127 silly currentTree ├── jquery@3.4.1
127 silly currentTree ├── js-tokens@4.0.0
127 silly currentTree ├── js-yaml@3.13.1
127 silly currentTree ├── json-schema-traverse@0.4.1
127 silly currentTree ├── json-stable-stringify-without-jsonify@1.0.1
127 silly currentTree ├── levn@0.3.0
127 silly currentTree ├── lodash@4.17.11
127 silly currentTree ├── mimic-fn@1.2.0
127 silly currentTree ├── minimatch@3.0.4
127 silly currentTree ├── minimist@0.0.8
127 silly currentTree ├── mkdirp@0.5.1
127 silly currentTree ├── ms@2.1.1
127 silly currentTree ├── mute-stream@0.0.7
127 silly currentTree ├── natural-compare@1.4.0
127 silly currentTree ├── nice-try@1.0.5
127 silly currentTree ├── once@1.4.0
127 silly currentTree ├── onetime@2.0.1
127 silly currentTree ├── optionator@0.8.2
127 silly currentTree ├── os-tmpdir@1.0.2
127 silly currentTree ├── parent-module@1.0.1
127 silly currentTree ├── path-is-absolute@1.0.1
127 silly currentTree ├── path-is-inside@1.0.2
127 silly currentTree ├── path-key@2.0.1
127 silly currentTree ├── prelude-ls@1.1.2
127 silly currentTree ├── progress@2.0.3
127 silly currentTree ├── punycode@2.1.1
127 silly currentTree ├── regexpp@2.0.1
127 silly currentTree ├── resolve-from@4.0.0
127 silly currentTree ├── restore-cursor@2.0.0
127 silly currentTree ├── rimraf@2.6.3
127 silly currentTree ├── run-async@2.3.0
127 silly currentTree ├── rxjs@6.5.2
127 silly currentTree ├── safer-buffer@2.1.2
127 silly currentTree ├── semver@5.7.0
127 silly currentTree ├── shebang-command@1.2.0
127 silly currentTree ├── shebang-regex@1.0.0
127 silly currentTree ├── signal-exit@3.0.2
127 silly currentTree ├── slice-ansi@2.1.0
127 silly currentTree ├── sprintf-js@1.0.3
127 silly currentTree ├── string-width@2.1.1
127 silly currentTree ├── strip-ansi@4.0.0
127 silly currentTree ├── strip-json-comments@2.0.1
127 silly currentTree ├── supports-color@5.5.0
127 silly currentTree ├─┬ table@5.4.0
127 silly currentTree │ ├── ansi-regex@4.1.0
127 silly currentTree │ ├── string-width@3.1.0
127 silly currentTree │ └── strip-ansi@5.2.0
127 silly currentTree ├── text-table@0.2.0
127 silly currentTree ├── through@2.3.8
127 silly currentTree ├── tmp@0.0.33
127 silly currentTree ├── tslib@1.9.3
127 silly currentTree ├── type-check@0.3.2
127 silly currentTree ├── uri-js@4.2.2
127 silly currentTree ├── which@1.3.1
127 silly currentTree ├── wordwrap@1.0.0
127 silly currentTree ├── wrappy@1.0.2
127 silly currentTree └── write@1.0.3
128 silly idealTree amanda.ward@1.0.0
128 silly idealTree ├── @babel/code-frame@7.0.0
128 silly idealTree ├── @babel/highlight@7.0.0
128 silly idealTree ├── acorn-jsx@5.0.1
128 silly idealTree ├── acorn@6.1.1
128 silly idealTree ├── ajv@6.10.0
128 silly idealTree ├── ansi-escapes@3.2.0
128 silly idealTree ├── ansi-regex@3.0.0
128 silly idealTree ├── ansi-styles@3.2.1
128 silly idealTree ├── argparse@1.0.10
128 silly idealTree ├── astral-regex@1.0.0
128 silly idealTree ├── balanced-match@1.0.0
128 silly idealTree ├── brace-expansion@1.1.11
128 silly idealTree ├── callsites@3.1.0
128 silly idealTree ├── chalk@2.4.2
128 silly idealTree ├── chardet@0.7.0
128 silly idealTree ├── cli-cursor@2.1.0
128 silly idealTree ├── cli-width@2.2.0
128 silly idealTree ├── color-convert@1.9.3
128 silly idealTree ├── color-name@1.1.3
128 silly idealTree ├── concat-map@0.0.1
128 silly idealTree ├── cross-spawn@6.0.5
128 silly idealTree ├── debug@4.1.1
128 silly idealTree ├── deep-is@0.1.3
128 silly idealTree ├── doctrine@3.0.0
128 silly idealTree ├── emoji-regex@7.0.3
128 silly idealTree ├── escape-string-regexp@1.0.5
128 silly idealTree ├── eslint-scope@4.0.3
128 silly idealTree ├── eslint-utils@1.3.1
128 silly idealTree ├── eslint-visitor-keys@1.0.0
128 silly idealTree ├── eslint@5.16.0
128 silly idealTree ├── espree@5.0.1
128 silly idealTree ├── esprima@4.0.1
128 silly idealTree ├── esquery@1.0.1
128 silly idealTree ├── esrecurse@4.2.1
128 silly idealTree ├── estraverse@4.2.0
128 silly idealTree ├── esutils@2.0.2
128 silly idealTree ├── external-editor@3.0.3
128 silly idealTree ├── fast-deep-equal@2.0.1
128 silly idealTree ├── fast-json-stable-stringify@2.0.0
128 silly idealTree ├── fast-levenshtein@2.0.6
128 silly idealTree ├── figures@2.0.0
128 silly idealTree ├── file-entry-cache@5.0.1
128 silly idealTree ├── flat-cache@2.0.1
128 silly idealTree ├── flatted@2.0.0
128 silly idealTree ├── fs.realpath@1.0.0
128 silly idealTree ├── functional-red-black-tree@1.0.1
128 silly idealTree ├── glob@7.1.4
128 silly idealTree ├── globals@11.12.0
128 silly idealTree ├── has-flag@3.0.0
128 silly idealTree ├── iconv-lite@0.4.24
128 silly idealTree ├── ignore@4.0.6
128 silly idealTree ├── import-fresh@3.0.0
128 silly idealTree ├── imurmurhash@0.1.4
128 silly idealTree ├── inflight@1.0.6
128 silly idealTree ├── inherits@2.0.3
128 silly idealTree ├─┬ inquirer@6.3.1
128 silly idealTree │ ├── ansi-regex@4.1.0
128 silly idealTree │ └── strip-ansi@5.2.0
128 silly idealTree ├── is-fullwidth-code-point@2.0.0
128 silly idealTree ├── is-promise@2.1.0
128 silly idealTree ├── isexe@2.0.0
128 silly idealTree ├── jquery@3.4.1
128 silly idealTree ├── js-tokens@4.0.0
128 silly idealTree ├── js-yaml@3.13.1
128 silly idealTree ├── json-schema-traverse@0.4.1
128 silly idealTree ├── json-stable-stringify-without-jsonify@1.0.1
128 silly idealTree ├── levn@0.3.0
128 silly idealTree ├── lodash@4.17.11
128 silly idealTree ├── mimic-fn@1.2.0
128 silly idealTree ├── minimatch@3.0.4
128 silly idealTree ├── minimist@0.0.8
128 silly idealTree ├── mkdirp@0.5.1
128 silly idealTree ├── ms@2.1.1
128 silly idealTree ├── mute-stream@0.0.7
128 silly idealTree ├── natural-compare@1.4.0
128 silly idealTree ├── nice-try@1.0.5
128 silly idealTree ├── node-bin-setup@1.0.6
128 silly idealTree ├── node@12.4.0
128 silly idealTree ├── once@1.4.0
128 silly idealTree ├── onetime@2.0.1
128 silly idealTree ├── optionator@0.8.2
128 silly idealTree ├── os-tmpdir@1.0.2
128 silly idealTree ├── parent-module@1.0.1
128 silly idealTree ├── path-is-absolute@1.0.1
128 silly idealTree ├── path-is-inside@1.0.2
128 silly idealTree ├── path-key@2.0.1
128 silly idealTree ├── prelude-ls@1.1.2
128 silly idealTree ├── progress@2.0.3
128 silly idealTree ├── punycode@2.1.1
128 silly idealTree ├── regexpp@2.0.1
128 silly idealTree ├── resolve-from@4.0.0
128 silly idealTree ├── restore-cursor@2.0.0
128 silly idealTree ├── rimraf@2.6.3
128 silly idealTree ├── run-async@2.3.0
128 silly idealTree ├── rxjs@6.5.2
128 silly idealTree ├── safer-buffer@2.1.2
128 silly idealTree ├── semver@5.7.0
128 silly idealTree ├── shebang-command@1.2.0
128 silly idealTree ├── shebang-regex@1.0.0
128 silly idealTree ├── signal-exit@3.0.2
128 silly idealTree ├── slice-ansi@2.1.0
128 silly idealTree ├── sprintf-js@1.0.3
128 silly idealTree ├── string-width@2.1.1
128 silly idealTree ├── strip-ansi@4.0.0
128 silly idealTree ├── strip-json-comments@2.0.1
128 silly idealTree ├── supports-color@5.5.0
128 silly idealTree ├─┬ table@5.4.0
128 silly idealTree │ ├── ansi-regex@4.1.0
128 silly idealTree │ ├── string-width@3.1.0
128 silly idealTree │ └── strip-ansi@5.2.0
128 silly idealTree ├── text-table@0.2.0
128 silly idealTree ├── through@2.3.8
128 silly idealTree ├── tmp@0.0.33
128 silly idealTree ├── tslib@1.9.3
128 silly idealTree ├── type-check@0.3.2
128 silly idealTree ├── uri-js@4.2.2
128 silly idealTree ├── which@1.3.1
128 silly idealTree ├── wordwrap@1.0.0
128 silly idealTree ├── wrappy@1.0.2
128 silly idealTree └── write@1.0.3
129 silly generateActionsToTake Starting
130 silly install generateActionsToTake
131 silly generateActionsToTake Finishing
132 silly diffTrees action count 2
133 silly diffTrees add node-bin-setup@1.0.6
134 silly diffTrees add node@12.4.0
135 silly decomposeActions action count 16
136 silly decomposeActions fetch node-bin-setup@1.0.6
137 silly decomposeActions extract node-bin-setup@1.0.6
138 silly decomposeActions test node-bin-setup@1.0.6
139 silly decomposeActions preinstall node-bin-setup@1.0.6
140 silly decomposeActions build node-bin-setup@1.0.6
141 silly decomposeActions install node-bin-setup@1.0.6
142 silly decomposeActions postinstall node-bin-setup@1.0.6
143 silly decomposeActions finalize node-bin-setup@1.0.6
144 silly decomposeActions fetch node@12.4.0
145 silly decomposeActions extract node@12.4.0
146 silly decomposeActions test node@12.4.0
147 silly decomposeActions preinstall node@12.4.0
148 silly decomposeActions build node@12.4.0
149 silly decomposeActions install node@12.4.0
150 silly decomposeActions postinstall node@12.4.0
151 silly decomposeActions finalize node@12.4.0
152 silly runTopLevelLifecycles Starting
153 silly executeActions Starting
154 silly install executeActions
155 silly doSerial global-install 0
156 silly doParallel fetch 2
157 verbose correctMkdir /Users/amanda.ward/.npm/_locks correctMkdir not in flight; initializing
158 verbose lock using /Users/amanda.ward/.npm/_locks/staging-ed5ed5a1981c3a40.lock for /Users/amanda.ward/node_modules/.staging
159 silly doParallel extract 2
160 silly extract node-bin-setup@1.0.6
161 silly extract node@12.4.0
162 verbose unbuild node_modules/.staging/node-bin-setup-827c21e3
163 verbose unbuild node_modules/.staging/node-3ce0835a
164 silly gentlyRm /Users/amanda.ward/node_modules/.staging/node-bin-setup-827c21e3 is being purged from base /Users/amanda.ward
165 verbose gentlyRm don't care about contents; nuking /Users/amanda.ward/node_modules/.staging/node-bin-setup-827c21e3
166 verbose tar unpack /Users/amanda.ward/.npm/node-bin-setup/1.0.6/package.tgz
167 verbose tar unpacking to /Users/amanda.ward/node_modules/.staging/node-bin-setup-827c21e3
168 silly gentlyRm /Users/amanda.ward/node_modules/.staging/node-bin-setup-827c21e3 is being purged
169 verbose gentlyRm don't care about contents; nuking /Users/amanda.ward/node_modules/.staging/node-bin-setup-827c21e3
170 silly gunzTarPerm modes [ '755', '644' ]
171 silly gentlyRm /Users/amanda.ward/node_modules/.staging/node-3ce0835a is being purged from base /Users/amanda.ward
172 verbose gentlyRm don't care about contents; nuking /Users/amanda.ward/node_modules/.staging/node-3ce0835a
173 verbose tar unpack /Users/amanda.ward/.npm/node/12.4.0/package.tgz
174 verbose tar unpacking to /Users/amanda.ward/node_modules/.staging/node-3ce0835a
175 silly gentlyRm /Users/amanda.ward/node_modules/.staging/node-3ce0835a is being purged
176 verbose gentlyRm don't care about contents; nuking /Users/amanda.ward/node_modules/.staging/node-3ce0835a
177 silly gunzTarPerm modes [ '755', '644' ]
178 silly gunzTarPerm extractEntry package.json
179 silly gunzTarPerm extractEntry package.json
180 silly gunzTarPerm extractEntry index.js
181 silly gunzTarPerm extractEntry installArchSpecificPackage.js
182 silly gunzTarPerm extractEntry README.md
183 silly gentlyRm /Users/amanda.ward/node_modules/.staging/node-bin-setup-827c21e3/node_modules is being purged
184 verbose gentlyRm don't care about contents; nuking /Users/amanda.ward/node_modules/.staging/node-bin-setup-827c21e3/node_modules
185 silly gentlyRm /Users/amanda.ward/node_modules/.staging/node-3ce0835a/node_modules is being purged
186 verbose gentlyRm don't care about contents; nuking /Users/amanda.ward/node_modules/.staging/node-3ce0835a/node_modules
187 silly doParallel preinstall 2
188 silly preinstall node-bin-setup@1.0.6 /Users/amanda.ward/node_modules/.staging/node-bin-setup-827c21e3
189 info lifecycle node-bin-setup@1.0.6~preinstall: node-bin-setup@1.0.6
190 silly preinstall node@12.4.0 /Users/amanda.ward/node_modules/.staging/node-3ce0835a
191 info lifecycle node@12.4.0~preinstall: node@12.4.0
192 silly lifecycle node-bin-setup@1.0.6~preinstall: no script for preinstall, continuing
193 verbose lifecycle node@12.4.0~preinstall: unsafe-perm in lifecycle true
194 verbose lifecycle node@12.4.0~preinstall: PATH: /usr/local/lib/node_modules/npm/bin/node-gyp-bin:/Users/amanda.ward/node_modules/.staging/node-3ce0835a/node_modules/.bin:/Users/amanda.ward/node_modules/.bin:/usr/local/Cellar/node/12.4.0/bin:/usr/local/opt/python@2/libexec/bin:/anaconda3/bin:/anaconda3/condabin:/usr/local/bin:/usr/bin:/bin:/usr/sbin:/sbin:/usr/local/share/dotnet:~/.dotnet/tools:/usr/local/bin/
195 verbose lifecycle node@12.4.0~preinstall: CWD: /Users/amanda.ward/node_modules/.staging/node-3ce0835a
196 silly lifecycle node@12.4.0~preinstall: Args: [ '-c', 'node installArchSpecificPackage' ]
197 silly lifecycle node@12.4.0~preinstall: Returned: code: 1  signal: null
198 info lifecycle node@12.4.0~preinstall: Failed to exec preinstall script
199 verbose unlock done using /Users/amanda.ward/.npm/_locks/staging-ed5ed5a1981c3a40.lock for /Users/amanda.ward/node_modules/.staging
200 silly rollbackFailedOptional Starting
201 silly rollbackFailedOptional Finishing
202 silly runTopLevelLifecycles Finishing
203 silly install printInstalled
204 warn amanda.ward@1.0.0 No repository field.
205 verbose If you need help, you may report this error at:
205 verbose     <https://github.com/npm/npm/issues>
206 verbose stack Error: node@12.4.0 preinstall: `node installArchSpecificPackage`
206 verbose stack Exit status 1
206 verbose stack     at EventEmitter.<anonymous> (/usr/local/lib/node_modules/npm/lib/utils/lifecycle.js:255:16)
206 verbose stack     at EventEmitter.emit (events.js:200:13)
206 verbose stack     at ChildProcess.<anonymous> (/usr/local/lib/node_modules/npm/lib/utils/spawn.js:40:14)
206 verbose stack     at ChildProcess.emit (events.js:200:13)
206 verbose stack     at maybeClose (internal/child_process.js:1021:16)
206 verbose stack     at Process.ChildProcess._handle.onexit (internal/child_process.js:283:5)
207 verbose pkgid node@12.4.0
208 verbose cwd /Users/amanda.ward/file-host
209 error Darwin 18.6.0
210 error argv "/usr/local/Cellar/node/12.4.0/bin/node" "/usr/local/bin/npm" "install" "node"
211 error node v12.4.0
212 error npm  v3.10.10
213 error code ELIFECYCLE
214 error node@12.4.0 preinstall: `node installArchSpecificPackage`
214 error Exit status 1
215 error Failed at the node@12.4.0 preinstall script 'node installArchSpecificPackage'.
215 error Make sure you have the latest version of node.js and npm installed.
215 error If you do, this is most likely a problem with the node package,
215 error not with npm itself.
215 error Tell the author that this fails on your system:
215 error     node installArchSpecificPackage
215 error You can get information on how to open an issue for this project with:
215 error     npm bugs node
215 error Or if that isn't available, you can get their info via:
215 error     npm owner ls node
215 error There is likely additional logging output above.
216 verbose exit [ 1, true ]
